<?xml version="1.0" encoding="UTF-8"?>
<!-- Generated by org.testng.reporters.JUnitReportReporter -->
<testsuite hostname="LAPTOP-QIOD9UBK" failures="0" tests="1" name="webSitePractice2.PomBasedScript" time="19.892" errors="0" timestamp="2023-01-21T13:59:21 IST" skipped="0">
  <testcase classname="webSitePractice2.PomBasedScript" name="werbsiteaction" time="19.892"/>
  <system-out/>
</testsuite> <!-- webSitePractice2.PomBasedScript -->
