<?xml version="1.0" encoding="UTF-8"?>
<!-- Generated by org.testng.reporters.JUnitReportReporter -->
<testsuite hostname="LAPTOP-QIOD9UBK" failures="0" tests="1" name="websitepractice1.pombasedscript" time="63.160" errors="0" timestamp="2023-01-08T11:30:07 IST" skipped="0">
  <testcase classname="websitepractice1.pombasedscript" name="websitetesting" time="63.160"/>
  <system-out/>
</testsuite> <!-- websitepractice1.pombasedscript -->
